#
# A fatal error has been detected by the Java Runtime Environment:
#
#  EXCEPTION_ACCESS_VIOLATION (0xc0000005) at pc=0xffffffffa2f05120, pid=8288, tid=2500
#
# JRE version: Java(TM) SE Runtime Environment (8.0_11-b12) (build 1.8.0_11-b12)
# Java VM: Java HotSpot(TM) 64-Bit Server VM (25.11-b03 mixed mode windows-amd64 compressed oops)
# Problematic frame:
# C  0xffffffffa2f05120
#
# Failed to write core dump. Minidumps are not enabled by default on client versions of Windows
#
# If you would like to submit a bug report, please visit:
#   http://bugreport.sun.com/bugreport/crash.jsp
#

---------------  T H R E A D  ---------------

Current thread (0x0000000001e00800):  JavaThread "main" [_thread_in_Java, id=2500, stack(0x0000000001c50000,0x0000000001d50000)]

siginfo: ExceptionCode=0xc0000005, ExceptionInformation=0x0000000000000008 0xffffffffa2f05120

Registers:
RAX=0x0000000000000002, RBX=0x0000000000000e70, RCX=0x000000000000006e, RDX=0x00000000eaeec430
RSP=0x0000000001d4d868, RBP=0x0000000001d4da68, RSI=0x0000000000003a30, RDI=0x00000000eaf24920
R8 =0x00000000eaeec430, R9 =0x00000000eaf24938, R10=0x0000000100025630, R11=0x0000000000000002
R12=0x0000000000000000, R13=0x0000000000000328, R14=0x0000000000000783, R15=0x0000000001e00800
RIP=0xffffffffa2f05120, EFLAGS=0x0000000000010202

Top of Stack: (sp=0x0000000001d4d868)
0x0000000001d4d868:   000000000215cacc 00000000ffffffff
0x0000000001d4d878:   00000000ffffffff 0000000013e1e5e8
0x0000000001d4d888:   0000000000000000 0000000001d4d929
0x0000000001d4d898:   000000005b4aa5e8 0000000001df7890
0x0000000001d4d8a8:   0000000001e00800 0000000001e16500
0x0000000001d4d8b8:   0000000001f05410 00000000ffffffff
0x0000000001d4d8c8:   0000000000000000 0000000000000000
0x0000000001d4d8d8:   0000000001e00800 0000000000000000
0x0000000001d4d8e8:   0000000013e1e5e8 0000000001e00800
0x0000000001d4d8f8:   0000000013e1e5e8 0000000001e00800
0x0000000001d4d908:   0000000001d4da28 0000000001f10a8e
0x0000000001d4d918:   00000000eaeec430 0000000000000002
0x0000000001d4d928:   00000000eaeec460 00000000eaf24920
0x0000000001d4d938:   00000000eaf24938 0000000000000000
0x0000000001d4d948:   0000000201e00800 0000200000000e70
0x0000000001d4d958:   0000000013e1e5c0 00000e6e00000000 

Instructions: (pc=0xffffffffa2f05120)
0xffffffffa2f05100:   
[error occurred during error reporting (printing registers, top of stack, instructions near pc), id 0xc0000005]

Register to memory mapping:

RAX=0x0000000000000002 is an unknown value
RBX=0x0000000000000e70 is an unknown value
RCX=0x000000000000006e is an unknown value
RDX=0x00000000eaeec430 is an oop
java.nio.HeapByteBuffer 
 - klass: 'java/nio/HeapByteBuffer'
RSP=0x0000000001d4d868 is pointing into the stack for thread: 0x0000000001e00800
RBP=0x0000000001d4da68 is pointing into the stack for thread: 0x0000000001e00800
RSI=0x0000000000003a30 is an unknown value
RDI=0x00000000eaf24920 is an oop
[C 
 - klass: {type array char}
 - length: 2
R8 =0x00000000eaeec430 is an oop
java.nio.HeapByteBuffer 
 - klass: 'java/nio/HeapByteBuffer'
R9 =0x00000000eaf24938 is an oop
java.nio.HeapCharBuffer 
 - klass: 'java/nio/HeapCharBuffer'
R10=0x0000000100025630 is an unknown value
R11=0x0000000000000002 is an unknown value
R12=0x0000000000000000 is an unknown value
R13=0x0000000000000328 is an unknown value
R14=0x0000000000000783 is an unknown value
R15=0x0000000001e00800 is a thread


Stack: [0x0000000001c50000,0x0000000001d50000],  sp=0x0000000001d4d868,  free space=1014k
Native frames: (J=compiled Java code, j=interpreted, Vv=VM code, C=native code)
C  0xffffffffa2f05120


---------------  P R O C E S S  ---------------

Java Threads: ( => current thread )
  0x0000000015e64800 JavaThread "Service Thread" daemon [_thread_blocked, id=3712, stack(0x0000000016240000,0x0000000016340000)]
  0x00000000145e0800 JavaThread "C1 CompilerThread2" daemon [_thread_blocked, id=8780, stack(0x0000000015d40000,0x0000000015e40000)]
  0x00000000145d4800 JavaThread "C2 CompilerThread1" daemon [_thread_blocked, id=8560, stack(0x0000000015c40000,0x0000000015d40000)]
  0x00000000145cb800 JavaThread "C2 CompilerThread0" daemon [_thread_in_native, id=5092, stack(0x0000000015b40000,0x0000000015c40000)]
  0x00000000145c9800 JavaThread "Attach Listener" daemon [_thread_blocked, id=1768, stack(0x0000000015a40000,0x0000000015b40000)]
  0x00000000145c8800 JavaThread "Signal Dispatcher" daemon [_thread_blocked, id=9772, stack(0x0000000015940000,0x0000000015a40000)]
  0x0000000001ef4000 JavaThread "Finalizer" daemon [_thread_blocked, id=8484, stack(0x0000000015840000,0x0000000015940000)]
  0x0000000001ee8000 JavaThread "Reference Handler" daemon [_thread_blocked, id=9712, stack(0x0000000015740000,0x0000000015840000)]
=>0x0000000001e00800 JavaThread "main" [_thread_in_Java, id=2500, stack(0x0000000001c50000,0x0000000001d50000)]

Other Threads:
  0x0000000014595000 VMThread [stack: 0x0000000015640000,0x0000000015740000] [id=9720]
  0x0000000015e66800 WatcherThread [stack: 0x0000000016340000,0x0000000016440000] [id=2324]

VM state:not at safepoint (normal execution)

VM Mutex/Monitor currently owned by a thread: None

Heap:
 PSYoungGen      total 9728K, used 5294K [0x00000000eab00000, 0x00000000eb600000, 0x0000000100000000)
  eden space 8192K, 52% used [0x00000000eab00000,0x00000000eaf3d160,0x00000000eb300000)
  from space 1536K, 62% used [0x00000000eb480000,0x00000000eb56ea58,0x00000000eb600000)
  to   space 1536K, 0% used [0x00000000eb300000,0x00000000eb300000,0x00000000eb480000)
 ParOldGen       total 64000K, used 1291K [0x00000000c0000000, 0x00000000c3e80000, 0x00000000eab00000)
  object space 64000K, 2% used [0x00000000c0000000,0x00000000c0142f80,0x00000000c3e80000)
 Metaspace       used 6840K, capacity 6940K, committed 7040K, reserved 1056768K
  class space    used 836K, capacity 888K, committed 896K, reserved 1048576K

Card table byte_map: [0x00000000112c0000,0x00000000114d0000] byte_map_base: 0x0000000010cc0000

Marking Bits: (ParMarkBitMap*) 0x000000005bbb12b0
 Begin Bits: [0x0000000011a30000, 0x0000000012a30000)
 End Bits:   [0x0000000012a30000, 0x0000000013a30000)

Polling page: 0x0000000000400000

CodeCache: size=245760Kb used=2512Kb max_used=2512Kb free=243247Kb
 bounds [0x0000000001f00000, 0x0000000002180000, 0x0000000010f00000]
 total_blobs=808 nmethods=530 adapters=193
 compilation: enabled

Compilation events (10 events):
Event: 0.556 Thread 0x00000000145e0800  521       3       sun.nio.cs.StreamDecoder::implRead (243 bytes)
Event: 0.557 Thread 0x00000000145cb800  529       4       java.nio.Buffer::position (43 bytes)
Event: 0.557 Thread 0x00000000145d4800  530       4       java.nio.ByteBuffer::arrayOffset (35 bytes)
Event: 0.557 Thread 0x00000000145e0800 nmethod 521 0x000000000216ad90 code [0x000000000216b060, 0x000000000216c908]
Event: 0.557 Thread 0x00000000145e0800  517       3       java.nio.Buffer::limit (62 bytes)
Event: 0.557 Thread 0x00000000145cb800 nmethod 529 0x0000000002170010 code [0x0000000002170140, 0x00000000021701d8]
Event: 0.557 Thread 0x00000000145cb800  531   !   4       sun.nio.cs.StreamDecoder::read (196 bytes)
Event: 0.557 Thread 0x00000000145e0800 nmethod 517 0x000000000216fb10 code [0x000000000216fc80, 0x000000000216ff68]
Event: 0.557 Thread 0x00000000145e0800  519       3       java.nio.Buffer::<init> (121 bytes)
Event: 0.557 Thread 0x00000000145d4800 nmethod 530 0x000000000216e3d0 code [0x000000000216e500, 0x000000000216e598]

GC Heap History (10 events):
Event: 0.188 GC heap before
{Heap before GC invocations=4 (full 0):
 PSYoungGen      total 1536K, used 1534K [0x00000000eab00000, 0x00000000eae00000, 0x0000000100000000)
  eden space 1024K, 99% used [0x00000000eab00000,0x00000000eabff890,0x00000000eac00000)
  from space 512K, 100% used [0x00000000eac00000,0x00000000eac80000,0x00000000eac80000)
  to   space 512K, 0% used [0x00000000ead80000,0x00000000ead80000,0x00000000eae00000)
 ParOldGen       total 64000K, used 310K [0x00000000c0000000, 0x00000000c3e80000, 0x00000000eab00000)
  object space 64000K, 0% used [0x00000000c0000000,0x00000000c004dbc8,0x00000000c3e80000)
 Metaspace       used 3380K, capacity 4836K, committed 5120K, reserved 1056768K
  class space    used 366K, capacity 464K, committed 512K, reserved 1048576K
Event: 0.190 GC heap after
Heap after GC invocations=4 (full 0):
 PSYoungGen      total 2560K, used 496K [0x00000000eab00000, 0x00000000eae00000, 0x0000000100000000)
  eden space 2048K, 0% used [0x00000000eab00000,0x00000000eab00000,0x00000000ead00000)
  from space 512K, 96% used [0x00000000ead80000,0x00000000eadfc010,0x00000000eae00000)
  to   space 512K, 0% used [0x00000000ead00000,0x00000000ead00000,0x00000000ead80000)
 ParOldGen       total 64000K, used 528K [0x00000000c0000000, 0x00000000c3e80000, 0x00000000eab00000)
  object space 64000K, 0% used [0x00000000c0000000,0x00000000c0084338,0x00000000c3e80000)
 Metaspace       used 3380K, capacity 4836K, committed 5120K, reserved 1056768K
  class space    used 366K, capacity 464K, committed 512K, reserved 1048576K
}
Event: 0.254 GC heap before
{Heap before GC invocations=5 (full 0):
 PSYoungGen      total 2560K, used 2544K [0x00000000eab00000, 0x00000000eae00000, 0x0000000100000000)
  eden space 2048K, 100% used [0x00000000eab00000,0x00000000ead00000,0x00000000ead00000)
  from space 512K, 96% used [0x00000000ead80000,0x00000000eadfc010,0x00000000eae00000)
  to   space 512K, 0% used [0x00000000ead00000,0x00000000ead00000,0x00000000ead80000)
 ParOldGen       total 64000K, used 528K [0x00000000c0000000, 0x00000000c3e80000, 0x00000000eab00000)
  object space 64000K, 0% used [0x00000000c0000000,0x00000000c0084338,0x00000000c3e80000)
 Metaspace       used 4267K, capacity 5132K, committed 5248K, reserved 1056768K
  class space    used 484K, capacity 568K, committed 640K, reserved 1048576K
Event: 0.256 GC heap after
Heap after GC invocations=5 (full 0):
 PSYoungGen      total 2560K, used 496K [0x00000000eab00000, 0x00000000eb100000, 0x0000000100000000)
  eden space 2048K, 0% used [0x00000000eab00000,0x00000000eab00000,0x00000000ead00000)
  from space 512K, 96% used [0x00000000ead00000,0x00000000ead7c010,0x00000000ead80000)
  to   space 1024K, 0% used [0x00000000eb000000,0x00000000eb000000,0x00000000eb100000)
 ParOldGen       total 64000K, used 846K [0x00000000c0000000, 0x00000000c3e80000, 0x00000000eab00000)
  object space 64000K, 1% used [0x00000000c0000000,0x00000000c00d3950,0x00000000c3e80000)
 Metaspace       used 4267K, capacity 5132K, committed 5248K, reserved 1056768K
  class space    used 484K, capacity 568K, committed 640K, reserved 1048576K
}
Event: 0.305 GC heap before
{Heap before GC invocations=6 (full 0):
 PSYoungGen      total 2560K, used 2544K [0x00000000eab00000, 0x00000000eb100000, 0x0000000100000000)
  eden space 2048K, 100% used [0x00000000eab00000,0x00000000ead00000,0x00000000ead00000)
  from space 512K, 96% used [0x00000000ead00000,0x00000000ead7c010,0x00000000ead80000)
  to   space 1024K, 0% used [0x00000000eb000000,0x00000000eb000000,0x00000000eb100000)
 ParOldGen       total 64000K, used 846K [0x00000000c0000000, 0x00000000c3e80000, 0x00000000eab00000)
  object space 64000K, 1% used [0x00000000c0000000,0x00000000c00d3950,0x00000000c3e80000)
 Metaspace       used 4733K, capacity 5292K, committed 5504K, reserved 1056768K
  class space    used 542K, capacity 600K, committed 640K, reserved 1048576K
Event: 0.328 GC heap after
Heap after GC invocations=6 (full 0):
 PSYoungGen      total 5120K, used 880K [0x00000000eab00000, 0x00000000eb100000, 0x0000000100000000)
  eden space 4096K, 0% used [0x00000000eab00000,0x00000000eab00000,0x00000000eaf00000)
  from space 1024K, 85% used [0x00000000eb000000,0x00000000eb0dc010,0x00000000eb100000)
  to   space 1024K, 0% used [0x00000000eaf00000,0x00000000eaf00000,0x00000000eb000000)
 ParOldGen       total 64000K, used 854K [0x00000000c0000000, 0x00000000c3e80000, 0x00000000eab00000)
  object space 64000K, 1% used [0x00000000c0000000,0x00000000c00d5950,0x00000000c3e80000)
 Metaspace       used 4733K, capacity 5292K, committed 5504K, reserved 1056768K
  class space    used 542K, capacity 600K, committed 640K, reserved 1048576K
}
Event: 0.409 GC heap before
{Heap before GC invocations=7 (full 0):
 PSYoungGen      total 5120K, used 4976K [0x00000000eab00000, 0x00000000eb100000, 0x0000000100000000)
  eden space 4096K, 100% used [0x00000000eab00000,0x00000000eaf00000,0x00000000eaf00000)
  from space 1024K, 85% used [0x00000000eb000000,0x00000000eb0dc010,0x00000000eb100000)
  to   space 1024K, 0% used [0x00000000eaf00000,0x00000000eaf00000,0x00000000eb000000)
 ParOldGen       total 64000K, used 854K [0x00000000c0000000, 0x00000000c3e80000, 0x00000000eab00000)
  object space 64000K, 1% used [0x00000000c0000000,0x00000000c00d5950,0x00000000c3e80000)
 Metaspace       used 5539K, capacity 5836K, committed 6144K, reserved 1056768K
  class space    used 650K, capacity 696K, committed 768K, reserved 1048576K
Event: 0.412 GC heap after
Heap after GC invocations=7 (full 0):
 PSYoungGen      total 5120K, used 1000K [0x00000000eab00000, 0x00000000eb600000, 0x0000000100000000)
  eden space 4096K, 0% used [0x00000000eab00000,0x00000000eab00000,0x00000000eaf00000)
  from space 1024K, 97% used [0x00000000eaf00000,0x00000000eaffa030,0x00000000eb000000)
  to   space 1536K, 0% used [0x00000000eb480000,0x00000000eb480000,0x00000000eb600000)
 ParOldGen       total 64000K, used 1115K [0x00000000c0000000, 0x00000000c3e80000, 0x00000000eab00000)
  object space 64000K, 1% used [0x00000000c0000000,0x00000000c0116f80,0x00000000c3e80000)
 Metaspace       used 5539K, capacity 5836K, committed 6144K, reserved 1056768K
  class space    used 650K, capacity 696K, committed 768K, reserved 1048576K
}
Event: 0.480 GC heap before
{Heap before GC invocations=8 (full 0):
 PSYoungGen      total 5120K, used 5096K [0x00000000eab00000, 0x00000000eb600000, 0x0000000100000000)
  eden space 4096K, 100% used [0x00000000eab00000,0x00000000eaf00000,0x00000000eaf00000)
  from space 1024K, 97% used [0x00000000eaf00000,0x00000000eaffa030,0x00000000eb000000)
  to   space 1536K, 0% used [0x00000000eb480000,0x00000000eb480000,0x00000000eb600000)
 ParOldGen       total 64000K, used 1115K [0x00000000c0000000, 0x00000000c3e80000, 0x00000000eab00000)
  object space 64000K, 1% used [0x00000000c0000000,0x00000000c0116f80,0x00000000c3e80000)
 Metaspace       used 6166K, capacity 6316K, committed 6528K, reserved 1056768K
  class space    used 744K, capacity 792K, committed 896K, reserved 1048576K
Event: 0.482 GC heap after
Heap after GC invocations=8 (full 0):
 PSYoungGen      total 9728K, used 954K [0x00000000eab00000, 0x00000000eb600000, 0x0000000100000000)
  eden space 8192K, 0% used [0x00000000eab00000,0x00000000eab00000,0x00000000eb300000)
  from space 1536K, 62% used [0x00000000eb480000,0x00000000eb56ea58,0x00000000eb600000)
  to   space 1536K, 0% used [0x00000000eb300000,0x00000000eb300000,0x00000000eb480000)
 ParOldGen       total 64000K, used 1291K [0x00000000c0000000, 0x00000000c3e80000, 0x00000000eab00000)
  object space 64000K, 2% used [0x00000000c0000000,0x00000000c0142f80,0x00000000c3e80000)
 Metaspace       used 6166K, capacity 6316K, committed 6528K, reserved 1056768K
  class space    used 744K, capacity 792K, committed 896K, reserved 1048576K
}

Deoptimization events (0 events):
No events

Internal exceptions (10 events):
Event: 0.548 Thread 0x0000000001e00800 Exception <a 'java/security/PrivilegedActionException'> (0x00000000eaea1de0) thrown at [C:\re\workspace\8-2-build-windows-amd64-cygwin\jdk8u11\648\hotspot\src\share\vm\prims\jvm.cpp, line 1248]
Event: 0.548 Thread 0x0000000001e00800 Exception <a 'java/security/PrivilegedActionException'> (0x00000000eaea26e0) thrown at [C:\re\workspace\8-2-build-windows-amd64-cygwin\jdk8u11\648\hotspot\src\share\vm\prims\jvm.cpp, line 1248]
Event: 0.549 Thread 0x0000000001e00800 Exception <a 'java/security/PrivilegedActionException'> (0x00000000eaeb7ed8) thrown at [C:\re\workspace\8-2-build-windows-amd64-cygwin\jdk8u11\648\hotspot\src\share\vm\prims\jvm.cpp, line 1248]
Event: 0.549 Thread 0x0000000001e00800 Exception <a 'java/security/PrivilegedActionException'> (0x00000000eaeb8768) thrown at [C:\re\workspace\8-2-build-windows-amd64-cygwin\jdk8u11\648\hotspot\src\share\vm\prims\jvm.cpp, line 1248]
Event: 0.549 Thread 0x0000000001e00800 Exception <a 'java/security/PrivilegedActionException'> (0x00000000eaebf1f8) thrown at [C:\re\workspace\8-2-build-windows-amd64-cygwin\jdk8u11\648\hotspot\src\share\vm\prims\jvm.cpp, line 1248]
Event: 0.549 Thread 0x0000000001e00800 Exception <a 'java/security/PrivilegedActionException'> (0x00000000eaebfa88) thrown at [C:\re\workspace\8-2-build-windows-amd64-cygwin\jdk8u11\648\hotspot\src\share\vm\prims\jvm.cpp, line 1248]
Event: 0.549 Thread 0x0000000001e00800 Exception <a 'java/security/PrivilegedActionException'> (0x00000000eaec7510) thrown at [C:\re\workspace\8-2-build-windows-amd64-cygwin\jdk8u11\648\hotspot\src\share\vm\prims\jvm.cpp, line 1248]
Event: 0.550 Thread 0x0000000001e00800 Exception <a 'java/security/PrivilegedActionException'> (0x00000000eaec9138) thrown at [C:\re\workspace\8-2-build-windows-amd64-cygwin\jdk8u11\648\hotspot\src\share\vm\prims\jvm.cpp, line 1248]
Event: 0.550 Thread 0x0000000001e00800 Exception <a 'java/security/PrivilegedActionException'> (0x00000000eaecfed0) thrown at [C:\re\workspace\8-2-build-windows-amd64-cygwin\jdk8u11\648\hotspot\src\share\vm\prims\jvm.cpp, line 1248]
Event: 0.550 Thread 0x0000000001e00800 Exception <a 'java/security/PrivilegedActionException'> (0x00000000eaed07f0) thrown at [C:\re\workspace\8-2-build-windows-amd64-cygwin\jdk8u11\648\hotspot\src\share\vm\prims\jvm.cpp, line 1248]

Events (10 events):
Event: 0.548 loading class org/eclipse/aether/impl/SyncContextFactory
Event: 0.548 loading class org/eclipse/aether/impl/SyncContextFactory done
Event: 0.549 loading class org/eclipse/sisu/plexus/Hints
Event: 0.549 loading class org/eclipse/sisu/plexus/Hints done
Event: 0.549 loading class org/eclipse/sisu/plexus/Roles
Event: 0.549 loading class org/eclipse/sisu/plexus/Roles done
Event: 0.549 loading class org/eclipse/sisu/space/NamedClass
Event: 0.549 loading class org/eclipse/sisu/space/NamedClass done
Event: 0.550 loading class org/eclipse/sisu/space/AbstractDeferredClass
Event: 0.550 loading class org/eclipse/sisu/space/AbstractDeferredClass done


Dynamic libraries:
0x00007ff61cae0000 - 0x00007ff61cb14000 	C:\Program Files\Java\jdk1.8.0_11\bin\javaw.exe
0x00007ff8c12b0000 - 0x00007ff8c145a000 	C:\WINDOWS\SYSTEM32\ntdll.dll
0x00007ff8beb40000 - 0x00007ff8bec7a000 	C:\WINDOWS\system32\KERNEL32.DLL
0x00007ff8bea20000 - 0x00007ff8beb2f000 	C:\WINDOWS\system32\KERNELBASE.dll
0x00007ff8bd250000 - 0x00007ff8bd2d8000 	C:\WINDOWS\system32\apphelp.dll
0x00007ff8b4370000 - 0x00007ff8b43bf000 	C:\WINDOWS\AppPatch\AppPatch64\AcGenral.DLL
0x00007ff8becc0000 - 0x00007ff8bed67000 	C:\WINDOWS\system32\msvcrt.dll
0x00007ff8be4d0000 - 0x00007ff8be4fb000 	C:\WINDOWS\SYSTEM32\SspiCli.dll
0x00007ff8c06f0000 - 0x00007ff8c0741000 	C:\WINDOWS\system32\SHLWAPI.dll
0x00007ff8c0f30000 - 0x00007ff8c10a1000 	C:\WINDOWS\system32\USER32.dll
0x00007ff8c0db0000 - 0x00007ff8c0f28000 	C:\WINDOWS\system32\ole32.dll
0x00007ff8beeb0000 - 0x00007ff8c02d0000 	C:\WINDOWS\system32\SHELL32.dll
0x00007ff8bdcb0000 - 0x00007ff8bdcce000 	C:\WINDOWS\SYSTEM32\USERENV.dll
0x00007ff8c0d00000 - 0x00007ff8c0da5000 	C:\WINDOWS\system32\ADVAPI32.dll
0x00007ff8b0bb0000 - 0x00007ff8b0bcb000 	C:\WINDOWS\SYSTEM32\MPR.dll
0x00007ff8bed70000 - 0x00007ff8beea7000 	C:\WINDOWS\system32\RPCRT4.dll
0x00007ff8c0ca0000 - 0x00007ff8c0cf7000 	C:\WINDOWS\SYSTEM32\sechost.dll
0x00007ff8c07f0000 - 0x00007ff8c09c6000 	C:\WINDOWS\SYSTEM32\combase.dll
0x00007ff8c02d0000 - 0x00007ff8c0414000 	C:\WINDOWS\system32\GDI32.dll
0x00007ff8be620000 - 0x00007ff8be634000 	C:\WINDOWS\SYSTEM32\profapi.dll
0x00007ff8bd190000 - 0x00007ff8bd22f000 	C:\WINDOWS\SYSTEM32\SHCORE.dll
0x00007ff8bec80000 - 0x00007ff8becb4000 	C:\WINDOWS\system32\IMM32.DLL
0x00007ff8c09d0000 - 0x00007ff8c0b09000 	C:\WINDOWS\system32\MSCTF.dll
0x00007ff8bb320000 - 0x00007ff8bb57a000 	C:\WINDOWS\WinSxS\amd64_microsoft.windows.common-controls_6595b64144ccf1df_6.0.9600.17031_none_6242a4b3ecbb55a1\COMCTL32.dll
0x000000005b0a0000 - 0x000000005b172000 	C:\Program Files\Java\jdk1.8.0_11\jre\bin\msvcr100.dll
0x000000005b400000 - 0x000000005bc2a000 	C:\Program Files\Java\jdk1.8.0_11\jre\bin\server\jvm.dll
0x00007ff8b8050000 - 0x00007ff8b8059000 	C:\WINDOWS\SYSTEM32\WSOCK32.dll
0x00007ff8bb9e0000 - 0x00007ff8bb9ff000 	C:\WINDOWS\SYSTEM32\WINMM.dll
0x00007ff8c0680000 - 0x00007ff8c0687000 	C:\WINDOWS\system32\PSAPI.DLL
0x00007ff8c0b10000 - 0x00007ff8c0b68000 	C:\WINDOWS\system32\WS2_32.dll
0x00007ff8bb9a0000 - 0x00007ff8bb9ca000 	C:\WINDOWS\SYSTEM32\WINMMBASE.dll
0x00007ff8c0c90000 - 0x00007ff8c0c99000 	C:\WINDOWS\system32\NSI.dll
0x00007ff8be920000 - 0x00007ff8be96a000 	C:\WINDOWS\SYSTEM32\cfgmgr32.dll
0x00007ff8bd4a0000 - 0x00007ff8bd4c6000 	C:\WINDOWS\SYSTEM32\DEVOBJ.dll
0x000000005bd90000 - 0x000000005bd9f000 	C:\Program Files\Java\jdk1.8.0_11\jre\bin\verify.dll
0x000000005bd60000 - 0x000000005bd88000 	C:\Program Files\Java\jdk1.8.0_11\jre\bin\java.dll
0x000000005bd40000 - 0x000000005bd56000 	C:\Program Files\Java\jdk1.8.0_11\jre\bin\zip.dll
0x00007ff8a96c0000 - 0x00007ff8a9848000 	C:\WINDOWS\SYSTEM32\dbghelp.dll

VM Arguments:
jvm_args: -Dmaven.home=EMBEDDED -Dclassworlds.conf=E:\projects\.metadata\.plugins\org.eclipse.m2e.launching\launches\m2conf4669895934341198276.tmp -Dfile.encoding=Cp1252 
java_command: org.codehaus.plexus.classworlds.launcher.Launcher -B install
java_class_path (initial): /C:/Users/Daniel/.eclipse/org.eclipse.platform_4.4.0_738946404_win32_win32_x86_64/plugins/org.eclipse.m2e.maven.runtime_1.5.0.20140605-2032/jars/plexus-classworlds-2.5.1.jar
Launcher Type: SUN_STANDARD

Environment Variables:
JAVA_HOME=C:\Program Files\Java\jdk1.8.0_11
PATH=C:/Program Files/Java/jdk1.8.0_11/bin/../jre/bin/server;C:/Program Files/Java/jdk1.8.0_11/bin/../jre/bin;C:/Program Files/Java/jdk1.8.0_11/bin/../jre/lib/amd64;C:\Program Files\Apache Software Foundation\apache-maven-3.2.2\bin;C:\Program Files\Java\jdk1.8.0_11;C:\Program Files\Java\jdk1.8.0_11\bin;C:\Python34\;C:\Python34\Scripts;C:\Perl64\site\bin;C:\Perl64\bin;C:\Program Files (x86)\NVIDIA Corporation\PhysX\Common;C:\WINDOWS\system32;C:\WINDOWS;C:\WINDOWS\System32\Wbem;C:\WINDOWS\System32\WindowsPowerShell\v1.0\;C:\Program Files\Google\Cloud SDK\google-cloud-sdk\bin;F:\Program Files (x86)\Eclipse\eclipse;
USERNAME=Daniel
OS=Windows_NT
PROCESSOR_IDENTIFIER=Intel64 Family 6 Model 23 Stepping 10, GenuineIntel



---------------  S Y S T E M  ---------------

OS: Windows 8.1 , 64 bit Build 9600 

CPU:total 4 (4 cores per cpu, 1 threads per core) family 6 model 23 stepping 10, cmov, cx8, fxsr, mmx, sse, sse2, sse3, ssse3, sse4.1, tsc

Memory: 4k page, physical 4192540k(251740k free), swap 15936064k(3074568k free)

vm_info: Java HotSpot(TM) 64-Bit Server VM (25.11-b03) for windows-amd64 JRE (1.8.0_11-b12), built on Jun 16 2014 20:57:32 by "java_re" with MS VC++ 10.0 (VS2010)

time: Thu Sep 04 18:37:35 2014
elapsed time: 0 seconds

